<?xml version="1.0" encoding="UTF-8"?>
<!-- Generated by org.testng.reporters.JUnitReportReporter -->
<testsuite skipped="0" hostname="LAPTOP-II3QSGQV" name="RiskAcquisition.SeleniumTest" tests="1" failures="0" timestamp="2019-12-08T19:24:30 IST" time="0.013" errors="0">
  <testcase name="webApplication" time="0.013" classname="RiskAcquisition.SeleniumTest"/>
</testsuite> <!-- RiskAcquisition.SeleniumTest -->
