<?xml version="1.0" encoding="UTF-8"?>
<!-- Generated by org.testng.reporters.JUnitReportReporter -->
<testsuite skipped="0" hostname="LAPTOP-II3QSGQV" name="RiskAcquisition.AppiumTest" tests="2" failures="0" timestamp="2019-12-08T19:24:30 IST" time="0.001" errors="0">
  <testcase name="androidTest" time="0.001" classname="RiskAcquisition.AppiumTest"/>
  <testcase name="iOSTest" time="0.000" classname="RiskAcquisition.AppiumTest"/>
</testsuite> <!-- RiskAcquisition.AppiumTest -->
